d:\01-download\chrome_download\sdl_image-release-2.6.3\visualc\x64\debug\img_wic.obj
d:\01-download\chrome_download\sdl_image-release-2.6.3\visualc\x64\debug\img_xxx.obj
d:\01-download\chrome_download\sdl_image-release-2.6.3\visualc\x64\debug\img_xv.obj
d:\01-download\chrome_download\sdl_image-release-2.6.3\visualc\x64\debug\img_xpm.obj
d:\01-download\chrome_download\sdl_image-release-2.6.3\visualc\x64\debug\img_xcf.obj
d:\01-download\chrome_download\sdl_image-release-2.6.3\visualc\x64\debug\img_tif.obj
d:\01-download\chrome_download\sdl_image-release-2.6.3\visualc\x64\debug\img_tga.obj
d:\01-download\chrome_download\sdl_image-release-2.6.3\visualc\x64\debug\img_svg.obj
d:\01-download\chrome_download\sdl_image-release-2.6.3\visualc\x64\debug\img_stb.obj
d:\01-download\chrome_download\sdl_image-release-2.6.3\visualc\x64\debug\img_qoi.obj
d:\01-download\chrome_download\sdl_image-release-2.6.3\visualc\x64\debug\img_pnm.obj
d:\01-download\chrome_download\sdl_image-release-2.6.3\visualc\x64\debug\img_png.obj
d:\01-download\chrome_download\sdl_image-release-2.6.3\visualc\x64\debug\img_lbm.obj
d:\01-download\chrome_download\sdl_image-release-2.6.3\visualc\x64\debug\img_jxl.obj
d:\01-download\chrome_download\sdl_image-release-2.6.3\visualc\x64\debug\img_jpg.obj
d:\01-download\chrome_download\sdl_image-release-2.6.3\visualc\x64\debug\img_avif.obj
d:\01-download\chrome_download\sdl_image-release-2.6.3\visualc\x64\debug\img.obj
d:\01-download\chrome_download\sdl_image-release-2.6.3\visualc\x64\debug\sdl2_image.tlog\cl.command.1.tlog
d:\01-download\chrome_download\sdl_image-release-2.6.3\visualc\x64\debug\sdl2_image.tlog\cl.read.1.tlog
d:\01-download\chrome_download\sdl_image-release-2.6.3\visualc\x64\debug\sdl2_image.tlog\cl.write.1.tlog
